<?xml version="1.0" encoding="UTF-8"?>
<!-- Generated by org.testng.reporters.JUnitReportReporter -->
<testsuite hostname="Sneha-Laptop" failures="0" tests="1" name="testcase.invalid_reg" time="3.067" errors="0" timestamp="2022-09-16T15:59:21 IST" skipped="0">
  <testcase classname="testcase.invalid_reg" name="f" time="3.067"/>
  <system-out/>
</testsuite> <!-- testcase.invalid_reg -->
