<?xml version="1.0" encoding="UTF-8"?>
<!-- Generated by org.testng.reporters.JUnitReportReporter -->
<testsuite hostname="Sneha-Laptop" failures="0" tests="1" name="testcase.validpost_RS" time="1.013" errors="0" timestamp="2022-09-19T17:24:38 IST" skipped="0">
  <testcase classname="testcase.validpost_RS" name="f" time="1.013"/>
  <system-out/>
</testsuite> <!-- testcase.validpost_RS -->
