<?xml version="1.0" encoding="UTF-8"?>
<!-- Generated by org.testng.reporters.JUnitReportReporter -->
<testsuite hostname="Sneha-Laptop" failures="0" tests="1" name="testcase.validget_listresource" time="0.798" errors="0" timestamp="2022-09-19T17:24:38 IST" skipped="0">
  <testcase classname="testcase.validget_listresource" name="f" time="0.798"/>
  <system-out/>
</testsuite> <!-- testcase.validget_listresource -->
