<?xml version="1.0" encoding="UTF-8"?>
<!-- Generated by org.testng.reporters.JUnitReportReporter -->
<testsuite hostname="Sneha-Laptop" failures="0" tests="1" name="testcase.invalidget_singleresource" time="1.126" errors="0" timestamp="2022-09-19T17:24:38 IST" skipped="0">
  <testcase classname="testcase.invalidget_singleresource" name="f" time="1.126"/>
  <system-out/>
</testsuite> <!-- testcase.invalidget_singleresource -->
