<?xml version="1.0" encoding="UTF-8"?>
<!-- Generated by org.testng.reporters.JUnitReportReporter -->
<testsuite hostname="Sneha-Laptop" failures="0" tests="1" name="testcase.invalidGet_single" time="0.923" errors="0" timestamp="2022-09-19T17:24:38 IST" skipped="0">
  <testcase classname="testcase.invalidGet_single" name="f" time="0.923"/>
  <system-out/>
</testsuite> <!-- testcase.invalidGet_single -->
