<?xml version="1.0" encoding="UTF-8"?>
<!-- Generated by org.testng.reporters.JUnitReportReporter -->
<testsuite hostname="Sneha-Laptop" failures="0" tests="1" name="testcase.get_delayedresponse" time="3.837" errors="0" timestamp="2022-09-19T17:24:38 IST" skipped="0">
  <testcase classname="testcase.get_delayedresponse" name="f" time="3.837"/>
  <system-out/>
</testsuite> <!-- testcase.get_delayedresponse -->
