<?xml version="1.0" encoding="UTF-8"?>
<!-- Generated by org.testng.reporters.JUnitReportReporter -->
<testsuite hostname="Sneha-Laptop" failures="0" tests="1" name="testcase.validdelete" time="2.433" errors="0" timestamp="2022-09-19T17:24:38 IST" skipped="0">
  <testcase classname="testcase.validdelete" name="f" time="2.433"/>
  <system-out/>
</testsuite> <!-- testcase.validdelete -->
